<?xml version="1.0" encoding="UTF-8"?>
<testsuite name="com.digitalocean.util.ParserUtilTest" tests="2" skipped="0" failures="0" errors="0" timestamp="2020-07-20T22:30:33" hostname="PASWL-C030876" time="0.003">
  <properties/>
  <testcase name="parseWrongInput()" classname="com.digitalocean.util.ParserUtilTest" time="0.002"/>
  <testcase name="parse()" classname="com.digitalocean.util.ParserUtilTest" time="0.0"/>
  <system-out><![CDATA[]]></system-out>
  <system-err><![CDATA[]]></system-err>
</testsuite>
