<?xml version="1.0" encoding="UTF-8"?>
<testsuite name="com.digitalocean.service.ProcessServiceTest" tests="3" skipped="0" failures="0" errors="0" timestamp="2020-07-20T22:30:33" hostname="PASWL-C030876" time="0.042">
  <properties/>
  <testcase name="processCommandIndex()" classname="com.digitalocean.service.ProcessServiceTest" time="0.036"/>
  <testcase name="processCommandQuery()" classname="com.digitalocean.service.ProcessServiceTest" time="0.002"/>
  <testcase name="processCommandRemove()" classname="com.digitalocean.service.ProcessServiceTest" time="0.002"/>
  <system-out><![CDATA[]]></system-out>
  <system-err><![CDATA[]]></system-err>
</testsuite>
